<?xml version="1.0" encoding="UTF-8"?>
<testrun name="DataTypeTests.CollectionEvaluate" project="Cuddly-Octo-Duck" tests="1" started="1" failures="0" errors="1" ignored="0">
  <testcase name="CollectionEvaluate" classname="dataTypes.DataTypeTests" incomplete="true"/>
  <testsuite name="Unrooted Tests" time="0.002">
    <testcase name="initializationError" classname="dataTypes.DataTypeTests" time="0.002">
      <error>java.lang.NoClassDefFoundError: org/hamcrest/SelfDescribing&#13;
	at java.lang.ClassLoader.defineClass1(Native Method)&#13;
	at java.lang.ClassLoader.defineClassCond(ClassLoader.java:631)&#13;
	at java.lang.ClassLoader.defineClass(ClassLoader.java:615)&#13;
	at java.security.SecureClassLoader.defineClass(SecureClassLoader.java:141)&#13;
	at java.net.URLClassLoader.defineClass(URLClassLoader.java:283)&#13;
	at java.net.URLClassLoader.access$000(URLClassLoader.java:58)&#13;
	at java.net.URLClassLoader$1.run(URLClassLoader.java:197)&#13;
	at java.security.AccessController.doPrivileged(Native Method)&#13;
	at java.net.URLClassLoader.findClass(URLClassLoader.java:190)&#13;
	at java.lang.ClassLoader.loadClass(ClassLoader.java:306)&#13;
	at sun.misc.Launcher$AppClassLoader.loadClass(Launcher.java:301)&#13;
	at java.lang.ClassLoader.loadClass(ClassLoader.java:247)&#13;
	at org.junit.internal.builders.JUnit4Builder.runnerForClass(JUnit4Builder.java:10)&#13;
	at org.junit.runners.model.RunnerBuilder.safeRunnerForClass(RunnerBuilder.java:59)&#13;
	at org.junit.internal.builders.AllDefaultPossibilitiesBuilder.runnerForClass(AllDefaultPossibilitiesBuilder.java:26)&#13;
	at org.junit.runners.model.RunnerBuilder.safeRunnerForClass(RunnerBuilder.java:59)&#13;
	at org.junit.internal.requests.ClassRequest.getRunner(ClassRequest.java:33)&#13;
	at org.junit.internal.requests.FilterRequest.getRunner(FilterRequest.java:36)&#13;
	at org.eclipse.jdt.internal.junit4.runner.JUnit4TestReference.&lt;init&gt;(JUnit4TestReference.java:33)&#13;
	at org.eclipse.jdt.internal.junit4.runner.JUnit4TestMethodReference.&lt;init&gt;(JUnit4TestMethodReference.java:25)&#13;
	at org.eclipse.jdt.internal.junit4.runner.JUnit4TestLoader.createTest(JUnit4TestLoader.java:54)&#13;
	at org.eclipse.jdt.internal.junit4.runner.JUnit4TestLoader.loadTests(JUnit4TestLoader.java:38)&#13;
	at org.eclipse.jdt.internal.junit.runner.RemoteTestRunner.runTests(RemoteTestRunner.java:452)&#13;
	at org.eclipse.jdt.internal.junit.runner.RemoteTestRunner.runTests(RemoteTestRunner.java:683)&#13;
	at org.eclipse.jdt.internal.junit.runner.RemoteTestRunner.run(RemoteTestRunner.java:390)&#13;
	at org.eclipse.jdt.internal.junit.runner.RemoteTestRunner.main(RemoteTestRunner.java:197)&#13;
Caused by: java.lang.ClassNotFoundException: org.hamcrest.SelfDescribing&#13;
	at java.net.URLClassLoader$1.run(URLClassLoader.java:202)&#13;
	at java.security.AccessController.doPrivileged(Native Method)&#13;
	at java.net.URLClassLoader.findClass(URLClassLoader.java:190)&#13;
	at java.lang.ClassLoader.loadClass(ClassLoader.java:306)&#13;
	at sun.misc.Launcher$AppClassLoader.loadClass(Launcher.java:301)&#13;
	at java.lang.ClassLoader.loadClass(ClassLoader.java:247)&#13;
	... 26 more&#13;
&#13;
</error>
    </testcase>
  </testsuite>
</testrun>
